<?xml version="1.0" encoding="UTF-8"?>
<testsuite xmlns:xsi="http://www.w3.org/2001/XMLSchema-instance" xsi:noNamespaceSchemaLocation="https://maven.apache.org/surefire/maven-surefire-plugin/xsd/surefire-test-report-3.0.xsd" version="3.0" name="TestSuite" time="236.61" tests="7" errors="0" skipped="0" failures="0">
  <properties>
[...]
</properties>
  <testcase name="runScenario" classname="Runner.TestRunner" time="39.278"/>
  <testcase name="runScenario" classname="Runner.TestRunner" time="35.575"/>
  <testcase name="runScenario" classname="Runner.TestRunner" time="47.808"/>
  <testcase name="runScenario" classname="Runner.TestRunner" time="46.112"/>
  <testcase name="runScenario" classname="Runner.TestRunner" time="18.907"/>
  <testcase name="runScenario" classname="Runner.TestRunner" time="16.841"/>
  <testcase name="runScenario" classname="Runner.TestRunner" time="30.245"/>
</testsuite>